================================================================================
PointPillars 3D Object Detection - BEV Visualization Generator
================================================================================

[1/3] Loading PointPillars model...
--------------------------------------------------------------------------------
âœ— Error loading model: [Errno 2] No such file or directory: 'checkpoints/kitti_pointpillars/hv_pointpillars_secfpn_6x8_160e_kitti-3d-car_20220331_134606-d42d15ed5ed.py'
Attempting to use CPU...
Traceback (most recent call last):
  File "/teamspace/studios/this_studio/3D-object-detection/run_pointpillars_bev_visualization.py", line 215, in main
    model = init_model(CONFIG_FILE, CHECKPOINT_FILE, device='cuda:0')
  File "/home/zeus/miniconda3/envs/cloudspace/lib/python3.10/site-packages/mmdet3d/apis/inference.py", line 59, in init_model
    config = Config.fromfile(config)
  File "/home/zeus/miniconda3/envs/cloudspace/lib/python3.10/site-packages/mmengine/config/config.py", line 460, in fromfile
    lazy_import is None and not Config._is_lazy_import(filename):
  File "/home/zeus/miniconda3/envs/cloudspace/lib/python3.10/site-packages/mmengine/config/config.py", line 1662, in _is_lazy_import
    with open(filename, encoding='utf-8') as f:
FileNotFoundError: [Errno 2] No such file or directory: 'checkpoints/kitti_pointpillars/hv_pointpillars_secfpn_6x8_160e_kitti-3d-car_20220331_134606-d42d15ed5ed.py'

During handling of the above exception, another exception occurred:

Traceback (most recent call last):
  File "/teamspace/studios/this_studio/3D-object-detection/run_pointpillars_bev_visualization.py", line 246, in <module>
    main()
  File "/teamspace/studios/this_studio/3D-object-detection/run_pointpillars_bev_visualization.py", line 220, in main
    model = init_model(CONFIG_FILE, CHECKPOINT_FILE, device='cpu')
  File "/home/zeus/miniconda3/envs/cloudspace/lib/python3.10/site-packages/mmdet3d/apis/inference.py", line 59, in init_model
    config = Config.fromfile(config)
  File "/home/zeus/miniconda3/envs/cloudspace/lib/python3.10/site-packages/mmengine/config/config.py", line 460, in fromfile
    lazy_import is None and not Config._is_lazy_import(filename):
  File "/home/zeus/miniconda3/envs/cloudspace/lib/python3.10/site-packages/mmengine/config/config.py", line 1662, in _is_lazy_import
    with open(filename, encoding='utf-8') as f:
FileNotFoundError: [Errno 2] No such file or directory: 'checkpoints/kitti_pointpillars/hv_pointpillars_secfpn_6x8_160e_kitti-3d-car_20220331_134606-d42d15ed5ed.py'
